# JRE version: Java(TM) SE Runtime Environment (8.0_212-b10) (build 1.8.0_212-b10)
# Java VM: Java HotSpot(TM) 64-Bit Server VM (25.212-b10 mixed mode windows-amd64 compressed oops)
Heap:
 PSYoungGen      total 407040K, used 169964K [0x00000000e0000000, 0x0000000100000000, 0x0000000100000000)
  eden space 316416K, 25% used [0x00000000e0000000,0x00000000e4d98c48,0x00000000f3500000)
  from space 90624K, 99% used [0x00000000f3500000,0x00000000f8d62428,0x00000000f8d80000)
  to   space 116736K, 0% used [0x00000000f8e00000,0x00000000f8e00000,0x0000000100000000)
 ParOldGen       total 417792K, used 295105K [0x00000000a0000000, 0x00000000b9800000, 0x00000000e0000000)
  object space 417792K, 70% used [0x00000000a0000000,0x00000000b2030720,0x00000000b9800000)
 Metaspace       used 121858K, capacity 128802K, committed 128844K, reserved 1161216K
  class space    used 15925K, capacity 17269K, committed 17280K, reserved 1048576K
GC Heap History (10 events):
Event: 8934.291 GC heap before
{Heap before GC invocations=31 (full 4):
 PSYoungGen      total 416256K, used 368087K [0x00000000e0000000, 0x0000000100000000, 0x0000000100000000)
  eden space 318976K, 100% used [0x00000000e0000000,0x00000000f3780000,0x00000000f3780000)
  from space 97280K, 50% used [0x00000000f9600000,0x00000000fc5f5d70,0x00000000ff500000)
  to   space 96768K, 0% used [0x00000000f3780000,0x00000000f3780000,0x00000000f9600000)
 ParOldGen       total 417792K, used 273270K [0x00000000a0000000, 0x00000000b9800000, 0x00000000e0000000)
  object space 417792K, 65% used [0x00000000a0000000,0x00000000b0addb50,0x00000000b9800000)
 Metaspace       used 121415K, capacity 128270K, committed 128332K, reserved 1161216K
  class space    used 15916K, capacity 17225K, committed 17280K, reserved 1048576K
Event: 8934.321 GC heap after
Heap after GC invocations=31 (full 4):
 PSYoungGen      total 415744K, used 24282K [0x00000000e0000000, 0x00000000ff680000, 0x0000000100000000)
  eden space 318976K, 0% used [0x00000000e0000000,0x00000000e0000000,0x00000000f3780000)
  from space 96768K, 25% used [0x00000000f3780000,0x00000000f4f36be8,0x00000000f9600000)
  to   space 92160K, 0% used [0x00000000f9c80000,0x00000000f9c80000,0x00000000ff680000)
 ParOldGen       total 417792K, used 273278K [0x00000000a0000000, 0x00000000b9800000, 0x00000000e0000000)
  object space 417792K, 65% used [0x00000000a0000000,0x00000000b0adfb50,0x00000000b9800000)
 Metaspace       used 121415K, capacity 128270K, committed 128332K, reserved 1161216K
  class space    used 15916K, capacity 17225K, committed 17280K, reserved 1048576K
}
Event: 8934.779 GC heap before
{Heap before GC invocations=32 (full 4):
 PSYoungGen      total 415744K, used 343258K [0x00000000e0000000, 0x00000000ff680000, 0x0000000100000000)
  eden space 318976K, 100% used [0x00000000e0000000,0x00000000f3780000,0x00000000f3780000)
  from space 96768K, 25% used [0x00000000f3780000,0x00000000f4f36be8,0x00000000f9600000)
  to   space 92160K, 0% used [0x00000000f9c80000,0x00000000f9c80000,0x00000000ff680000)
 ParOldGen       total 417792K, used 273278K [0x00000000a0000000, 0x00000000b9800000, 0x00000000e0000000)
  object space 417792K, 65% used [0x00000000a0000000,0x00000000b0adfb50,0x00000000b9800000)
 Metaspace       used 121524K, capacity 128370K, committed 128588K, reserved 1161216K
  class space    used 15921K, capacity 17231K, committed 17280K, reserved 1048576K
Event: 8934.792 GC heap after
Heap after GC invocations=32 (full 4):
 PSYoungGen      total 422912K, used 25684K [0x00000000e0000000, 0x00000000ff280000, 0x0000000100000000)
  eden space 334848K, 0% used [0x00000000e0000000,0x00000000e0000000,0x00000000f4700000)
  from space 88064K, 29% used [0x00000000f9c80000,0x00000000fb595360,0x00000000ff280000)
  to   space 87552K, 0% used [0x00000000f4700000,0x00000000f4700000,0x00000000f9c80000)
 ParOldGen       total 417792K, used 273278K [0x00000000a0000000, 0x00000000b9800000, 0x00000000e0000000)
  object space 417792K, 65% used [0x00000000a0000000,0x00000000b0adfb50,0x00000000b9800000)
 Metaspace       used 121524K, capacity 128370K, committed 128588K, reserved 1161216K
  class space    used 15921K, capacity 17231K, committed 17280K, reserved 1048576K
}
Event: 8935.107 GC heap before
{Heap before GC invocations=33 (full 4):
 PSYoungGen      total 422912K, used 360532K [0x00000000e0000000, 0x00000000ff280000, 0x0000000100000000)
  eden space 334848K, 100% used [0x00000000e0000000,0x00000000f4700000,0x00000000f4700000)
  from space 88064K, 29% used [0x00000000f9c80000,0x00000000fb595360,0x00000000ff280000)
  to   space 87552K, 0% used [0x00000000f4700000,0x00000000f4700000,0x00000000f9c80000)
 ParOldGen       total 417792K, used 273278K [0x00000000a0000000, 0x00000000b9800000, 0x00000000e0000000)
  object space 417792K, 65% used [0x00000000a0000000,0x00000000b0adfb50,0x00000000b9800000)
 Metaspace       used 121665K, capacity 128578K, committed 128844K, reserved 1161216K
  class space    used 15922K, capacity 17233K, committed 17280K, reserved 1048576K
Event: 8935.119 GC heap after
Heap after GC invocations=33 (full 4):
 PSYoungGen      total 422400K, used 19427K [0x00000000e0000000, 0x00000000ff980000, 0x0000000100000000)
  eden space 334848K, 0% used [0x00000000e0000000,0x00000000e0000000,0x00000000f4700000)
  from space 87552K, 22% used [0x00000000f4700000,0x00000000f59f8ff8,0x00000000f9c80000)
  to   space 84480K, 0% used [0x00000000fa700000,0x00000000fa700000,0x00000000ff980000)
 ParOldGen       total 417792K, used 273278K [0x00000000a0000000, 0x00000000b9800000, 0x00000000e0000000)
  object space 417792K, 65% used [0x00000000a0000000,0x00000000b0adfb50,0x00000000b9800000)
 Metaspace       used 121665K, capacity 128578K, committed 128844K, reserved 1161216K
  class space    used 15922K, capacity 17233K, committed 17280K, reserved 1048576K
}
Event: 8935.828 GC heap before
{Heap before GC invocations=34 (full 4):
 PSYoungGen      total 422400K, used 354275K [0x00000000e0000000, 0x00000000ff980000, 0x0000000100000000)
  eden space 334848K, 100% used [0x00000000e0000000,0x00000000f4700000,0x00000000f4700000)
  from space 87552K, 22% used [0x00000000f4700000,0x00000000f59f8ff8,0x00000000f9c80000)
  to   space 84480K, 0% used [0x00000000fa700000,0x00000000fa700000,0x00000000ff980000)
 ParOldGen       total 417792K, used 273278K [0x00000000a0000000, 0x00000000b9800000, 0x00000000e0000000)
  object space 417792K, 65% used [0x00000000a0000000,0x00000000b0adfb50,0x00000000b9800000)
 Metaspace       used 121848K, capacity 128766K, committed 128844K, reserved 1161216K
  class space    used 15925K, capacity 17237K, committed 17280K, reserved 1048576K
Event: 8935.882 GC heap after
Heap after GC invocations=34 (full 4):
 PSYoungGen      total 400896K, used 84478K [0x00000000e0000000, 0x0000000100000000, 0x0000000100000000)
  eden space 316416K, 0% used [0x00000000e0000000,0x00000000e0000000,0x00000000f3500000)
  from space 84480K, 99% used [0x00000000fa700000,0x00000000ff97fbd0,0x00000000ff980000)
  to   space 103936K, 0% used [0x00000000f3500000,0x00000000f3500000,0x00000000f9a80000)
 ParOldGen       total 417792K, used 287357K [0x00000000a0000000, 0x00000000b9800000, 0x00000000e0000000)
  object space 417792K, 68% used [0x00000000a0000000,0x00000000b189f7f0,0x00000000b9800000)
 Metaspace       used 121848K, capacity 128766K, committed 128844K, reserved 1161216K
  class space    used 15925K, capacity 17237K, committed 17280K, reserved 1048576K
}
Event: 8936.623 GC heap before
{Heap before GC invocations=35 (full 4):
 PSYoungGen      total 400896K, used 400894K [0x00000000e0000000, 0x0000000100000000, 0x0000000100000000)
  eden space 316416K, 100% used [0x00000000e0000000,0x00000000f3500000,0x00000000f3500000)
  from space 84480K, 99% used [0x00000000fa700000,0x00000000ff97fbd0,0x00000000ff980000)
  to   space 103936K, 0% used [0x00000000f3500000,0x00000000f3500000,0x00000000f9a80000)
 ParOldGen       total 417792K, used 287357K [0x00000000a0000000, 0x00000000b9800000, 0x00000000e0000000)
  object space 417792K, 68% used [0x00000000a0000000,0x00000000b189f7f0,0x00000000b9800000)
 Metaspace       used 121856K, capacity 128770K, committed 128844K, reserved 1161216K
  class space    used 15925K, capacity 17237K, committed 17280K, reserved 1048576K
Event: 8936.670 GC heap after
Heap after GC invocations=35 (full 4):
 PSYoungGen      total 407040K, used 90505K [0x00000000e0000000, 0x0000000100000000, 0x0000000100000000)
  eden space 316416K, 0% used [0x00000000e0000000,0x00000000e0000000,0x00000000f3500000)
  from space 90624K, 99% used [0x00000000f3500000,0x00000000f8d62428,0x00000000f8d80000)
  to   space 116736K, 0% used [0x00000000f8e00000,0x00000000f8e00000,0x0000000100000000)
 ParOldGen       total 417792K, used 295105K [0x00000000a0000000, 0x00000000b9800000, 0x00000000e0000000)
  object space 417792K, 70% used [0x00000000a0000000,0x00000000b2030720,0x00000000b9800000)
 Metaspace       used 121856K, capacity 128770K, committed 128844K, reserved 1161216K
  class space    used 15925K, capacity 17237K, committed 17280K, reserved 1048576K
}

